<?xml version="1.0" encoding="UTF-8"?>
<!-- Generated by org.testng.reporters.JUnitReportReporter -->
<testsuite hostname="DESKTOP-AR628H2" name="com.regression.testscripts.VerifyAutomationTesting" tests="1" failures="0" timestamp="30 Aug 2018 17:05:09 GMT" time="23.166" errors="0">
  <testcase name="verifyRegister" time="23.166" classname="com.regression.testscripts.VerifyAutomationTesting"/>
</testsuite> <!-- com.regression.testscripts.VerifyAutomationTesting -->
